|--- feature_5 <= 2700.50
|   |--- feature_5 <= 2699.50
|   |   |--- feature_5 <= 2499.50
|   |   |   |--- feature_5 <= 2399.50
|   |   |   |   |--- feature_5 <= 2299.50
|   |   |   |   |   |--- feature_5 <= 2199.50
|   |   |   |   |   |   |--- feature_5 <= 2099.50
|   |   |   |   |   |   |   |--- feature_5 <= 1999.50
|   |   |   |   |   |   |   |   |--- feature_5 <= 1899.50
|   |   |   |   |   |   |   |   |   |--- feature_5 <= 1849.50
|   |   |   |   |   |   |   |   |   |   |--- feature_5 <= 1799.50
|   |   |   |   |   |   |   |   |   |   |   |--- truncated branch of depth 17
|   |   |   |   |   |   |   |   |   |   |--- feature_5 >  1799.50
|   |   |   |   |   |   |   |   |   |   |   |--- truncated branch of depth 7
|   |   |   |   |   |   |   |   |   |--- feature_5 >  1849.50
|   |   |   |   |   |   |   |   |   |   |--- feature_5 <= 1852.50
|   |   |   |   |   |   |   |   |   |   |   |--- class: 1850
|   |   |   |   |   |   |   |   |   |   |--- feature_5 >  1852.50
|   |   |   |   |   |   |   |   |   |   |   |--- truncated branch of depth 7
|   |   |   |   |   |   |   |   |--- feature_5 >  1899.50
|   |   |   |   |   |   |   |   |   |--- feature_5 <= 1901.50
|   |   |   |   |   |   |   |   |   |   |--- class: 1900
|   |   |   |   |   |   |   |   |   |--- feature_5 >  1901.50
|   |   |   |   |   |   |   |   |   |   |--- feature_5 <= 1992.50
|   |   |   |   |   |   |   |   |   |   |   |--- truncated branch of depth 11
|   |   |   |   |   |   |   |   |   |   |--- feature_5 >  1992.50
|   |   |   |   |   |   |   |   |   |   |   |--- truncated branch of depth 4
|   |   |   |   |   |   |   |--- feature_5 >  1999.50
|   |   |   |   |   |   |   |   |--- feature_5 <= 2005.50
|   |   |   |   |   |   |   |   |   |--- class: 2000
|   |   |   |   |   |   |   |   |--- feature_5 >  2005.50
|   |   |   |   |   |   |   |   |   |--- feature_5 <= 2092.50
|   |   |   |   |   |   |   |   |   |   |--- feature_5 <= 2026.00
|   |   |   |   |   |   |   |   |   |   |   |--- truncated branch of depth 4
|   |   |   |   |   |   |   |   |   |   |--- feature_5 >  2026.00
|   |   |   |   |   |   |   |   |   |   |   |--- truncated branch of depth 8
|   |   |   |   |   |   |   |   |   |--- feature_5 >  2092.50
|   |   |   |   |   |   |   |   |   |   |--- feature_5 <= 2096.50
|   |   |   |   |   |   |   |   |   |   |   |--- class: 2095
|   |   |   |   |   |   |   |   |   |   |--- feature_5 >  2096.50
|   |   |   |   |   |   |   |   |   |   |   |--- truncated branch of depth 2
|   |   |   |   |   |   |--- feature_5 >  2099.50
|   |   |   |   |   |   |   |--- feature_5 <= 2104.00
|   |   |   |   |   |   |   |   |--- class: 2100
|   |   |   |   |   |   |   |--- feature_5 >  2104.00
|   |   |   |   |   |   |   |   |--- feature_5 <= 2194.00
|   |   |   |   |   |   |   |   |   |--- feature_5 <= 2152.50
|   |   |   |   |   |   |   |   |   |   |--- feature_5 <= 2149.50
|   |   |   |   |   |   |   |   |   |   |   |--- truncated branch of depth 6
|   |   |   |   |   |   |   |   |   |   |--- feature_5 >  2149.50
|   |   |   |   |   |   |   |   |   |   |   |--- class: 2150
|   |   |   |   |   |   |   |   |   |--- feature_5 >  2152.50
|   |   |   |   |   |   |   |   |   |   |--- feature_5 <= 2172.50
|   |   |   |   |   |   |   |   |   |   |   |--- truncated branch of depth 5
|   |   |   |   |   |   |   |   |   |   |--- feature_5 >  2172.50
|   |   |   |   |   |   |   |   |   |   |   |--- truncated branch of depth 6
|   |   |   |   |   |   |   |   |--- feature_5 >  2194.00
|   |   |   |   |   |   |   |   |   |--- feature_5 <= 2196.00
|   |   |   |   |   |   |   |   |   |   |--- class: 2195
|   |   |   |   |   |   |   |   |   |--- feature_5 >  2196.00
|   |   |   |   |   |   |   |   |   |   |--- feature_170 <= 2.21
|   |   |   |   |   |   |   |   |   |   |   |--- class: 2197
|   |   |   |   |   |   |   |   |   |   |--- feature_170 >  2.21
|   |   |   |   |   |   |   |   |   |   |   |--- class: 2199
|   |   |   |   |   |--- feature_5 >  2199.50
|   |   |   |   |   |   |--- feature_5 <= 2202.50
|   |   |   |   |   |   |   |--- class: 2200
|   |   |   |   |   |   |--- feature_5 >  2202.50
|   |   |   |   |   |   |   |--- feature_5 <= 2293.50
|   |   |   |   |   |   |   |   |--- feature_5 <= 2250.50
|   |   |   |   |   |   |   |   |   |--- feature_5 <= 2249.50
|   |   |   |   |   |   |   |   |   |   |--- feature_5 <= 2227.50
|   |   |   |   |   |   |   |   |   |   |   |--- truncated branch of depth 7
|   |   |   |   |   |   |   |   |   |   |--- feature_5 >  2227.50
|   |   |   |   |   |   |   |   |   |   |   |--- truncated branch of depth 7
|   |   |   |   |   |   |   |   |   |--- feature_5 >  2249.50
|   |   |   |   |   |   |   |   |   |   |--- class: 2250
|   |   |   |   |   |   |   |   |--- feature_5 >  2250.50
|   |   |   |   |   |   |   |   |   |--- feature_5 <= 2272.50
|   |   |   |   |   |   |   |   |   |   |--- feature_5 <= 2263.00
|   |   |   |   |   |   |   |   |   |   |   |--- truncated branch of depth 6
|   |   |   |   |   |   |   |   |   |   |--- feature_5 >  2263.00
|   |   |   |   |   |   |   |   |   |   |   |--- truncated branch of depth 2
|   |   |   |   |   |   |   |   |   |--- feature_5 >  2272.50
|   |   |   |   |   |   |   |   |   |   |--- feature_5 <= 2277.00
|   |   |   |   |   |   |   |   |   |   |   |--- class: 2275
|   |   |   |   |   |   |   |   |   |   |--- feature_5 >  2277.00
|   |   |   |   |   |   |   |   |   |   |   |--- truncated branch of depth 8
|   |   |   |   |   |   |   |--- feature_5 >  2293.50
|   |   |   |   |   |   |   |   |--- feature_5 <= 2297.00
|   |   |   |   |   |   |   |   |   |--- class: 2295
|   |   |   |   |   |   |   |   |--- feature_5 >  2297.00
|   |   |   |   |   |   |   |   |   |--- class: 2299
|   |   |   |   |--- feature_5 >  2299.50
|   |   |   |   |   |--- feature_5 <= 2305.00
|   |   |   |   |   |   |--- class: 2300
|   |   |   |   |   |--- feature_5 >  2305.00
|   |   |   |   |   |   |--- feature_5 <= 2352.00
|   |   |   |   |   |   |   |--- feature_5 <= 2348.50
|   |   |   |   |   |   |   |   |--- feature_5 <= 2330.00
|   |   |   |   |   |   |   |   |   |--- feature_5 <= 2323.00
|   |   |   |   |   |   |   |   |   |   |--- feature_8 <= 0.50
|   |   |   |   |   |   |   |   |   |   |   |--- truncated branch of depth 2
|   |   |   |   |   |   |   |   |   |   |--- feature_8 >  0.50
|   |   |   |   |   |   |   |   |   |   |   |--- truncated branch of depth 2
|   |   |   |   |   |   |   |   |   |--- feature_5 >  2323.00
|   |   |   |   |   |   |   |   |   |   |--- class: 2325
|   |   |   |   |   |   |   |   |--- feature_5 >  2330.00
|   |   |   |   |   |   |   |   |   |--- feature_5 <= 2342.50
|   |   |   |   |   |   |   |   |   |   |--- feature_9 <= 0.50
|   |   |   |   |   |   |   |   |   |   |   |--- truncated branch of depth 2
|   |   |   |   |   |   |   |   |   |   |--- feature_9 >  0.50
|   |   |   |   |   |   |   |   |   |   |   |--- class: 2340
|   |   |   |   |   |   |   |   |   |--- feature_5 >  2342.50
|   |   |   |   |   |   |   |   |   |   |--- feature_19 <= 0.50
|   |   |   |   |   |   |   |   |   |   |   |--- class: 2345
|   |   |   |   |   |   |   |   |   |   |--- feature_19 >  0.50
|   |   |   |   |   |   |   |   |   |   |   |--- class: 2347
|   |   |   |   |   |   |   |--- feature_5 >  2348.50
|   |   |   |   |   |   |   |   |--- class: 2350
|   |   |   |   |   |   |--- feature_5 >  2352.00
|   |   |   |   |   |   |   |--- feature_5 <= 2394.50
|   |   |   |   |   |   |   |   |--- feature_5 <= 2375.50
|   |   |   |   |   |   |   |   |   |--- feature_5 <= 2374.50
|   |   |   |   |   |   |   |   |   |   |--- feature_5 <= 2361.50
|   |   |   |   |   |   |   |   |   |   |   |--- truncated branch of depth 3
|   |   |   |   |   |   |   |   |   |   |--- feature_5 >  2361.50
|   |   |   |   |   |   |   |   |   |   |   |--- truncated branch of depth 5
|   |   |   |   |   |   |   |   |   |--- feature_5 >  2374.50
|   |   |   |   |   |   |   |   |   |   |--- class: 2375
|   |   |   |   |   |   |   |   |--- feature_5 >  2375.50
|   |   |   |   |   |   |   |   |   |--- feature_5 <= 2389.50
|   |   |   |   |   |   |   |   |   |   |--- feature_5 <= 2381.50
|   |   |   |   |   |   |   |   |   |   |   |--- truncated branch of depth 4
|   |   |   |   |   |   |   |   |   |   |--- feature_5 >  2381.50
|   |   |   |   |   |   |   |   |   |   |   |--- truncated branch of depth 4
|   |   |   |   |   |   |   |   |   |--- feature_5 >  2389.50
|   |   |   |   |   |   |   |   |   |   |--- feature_143 <= 2.21
|   |   |   |   |   |   |   |   |   |   |   |--- truncated branch of depth 2
|   |   |   |   |   |   |   |   |   |   |--- feature_143 >  2.21
|   |   |   |   |   |   |   |   |   |   |   |--- class: 2390
|   |   |   |   |   |   |   |--- feature_5 >  2394.50
|   |   |   |   |   |   |   |   |--- feature_5 <= 2395.50
|   |   |   |   |   |   |   |   |   |--- class: 2395
|   |   |   |   |   |   |   |   |--- feature_5 >  2395.50
|   |   |   |   |   |   |   |   |   |--- feature_4 <= -73.99
|   |   |   |   |   |   |   |   |   |   |--- feature_179 <= 2.65
|   |   |   |   |   |   |   |   |   |   |   |--- class: 2396
|   |   |   |   |   |   |   |   |   |   |--- feature_179 >  2.65
|   |   |   |   |   |   |   |   |   |   |   |--- class: 2397
|   |   |   |   |   |   |   |   |   |--- feature_4 >  -73.99
|   |   |   |   |   |   |   |   |   |   |--- class: 2399
|   |   |   |--- feature_5 >  2399.50
|   |   |   |   |--- feature_5 <= 2401.50
|   |   |   |   |   |--- class: 2400
|   |   |   |   |--- feature_5 >  2401.50
|   |   |   |   |   |--- feature_5 <= 2450.50
|   |   |   |   |   |   |--- feature_5 <= 2449.50
|   |   |   |   |   |   |   |--- feature_5 <= 2427.50
|   |   |   |   |   |   |   |   |--- feature_5 <= 2423.00
|   |   |   |   |   |   |   |   |   |--- feature_5 <= 2412.50
|   |   |   |   |   |   |   |   |   |   |--- feature_178 <= 3.50
|   |   |   |   |   |   |   |   |   |   |   |--- truncated branch of depth 2
|   |   |   |   |   |   |   |   |   |   |--- feature_178 >  3.50
|   |   |   |   |   |   |   |   |   |   |   |--- class: 2410
|   |   |   |   |   |   |   |   |   |--- feature_5 >  2412.50
|   |   |   |   |   |   |   |   |   |   |--- feature_5 <= 2416.00
|   |   |   |   |   |   |   |   |   |   |   |--- class: 2415
|   |   |   |   |   |   |   |   |   |   |--- feature_5 >  2416.00
|   |   |   |   |   |   |   |   |   |   |   |--- truncated branch of depth 3
|   |   |   |   |   |   |   |   |--- feature_5 >  2423.00
|   |   |   |   |   |   |   |   |   |--- class: 2425
|   |   |   |   |   |   |   |--- feature_5 >  2427.50
|   |   |   |   |   |   |   |   |--- feature_76 <= 10011.00
|   |   |   |   |   |   |   |   |   |--- feature_182 <= 10.92
|   |   |   |   |   |   |   |   |   |   |--- class: 2435
|   |   |   |   |   |   |   |   |   |--- feature_182 >  10.92
|   |   |   |   |   |   |   |   |   |   |--- class: 2449
|   |   |   |   |   |   |   |   |--- feature_76 >  10011.00
|   |   |   |   |   |   |   |   |   |--- feature_2 <= 0.50
|   |   |   |   |   |   |   |   |   |   |--- feature_174 <= 537.50
|   |   |   |   |   |   |   |   |   |   |   |--- truncated branch of depth 6
|   |   |   |   |   |   |   |   |   |   |--- feature_174 >  537.50
|   |   |   |   |   |   |   |   |   |   |   |--- truncated branch of depth 3
|   |   |   |   |   |   |   |   |   |--- feature_2 >  0.50
|   |   |   |   |   |   |   |   |   |   |--- feature_5 <= 2439.00
|   |   |   |   |   |   |   |   |   |   |   |--- class: 2433
|   |   |   |   |   |   |   |   |   |   |--- feature_5 >  2439.00
|   |   |   |   |   |   |   |   |   |   |   |--- class: 2445
|   |   |   |   |   |   |--- feature_5 >  2449.50
|   |   |   |   |   |   |   |--- class: 2450
|   |   |   |   |   |--- feature_5 >  2450.50
|   |   |   |   |   |   |--- feature_5 <= 2493.50
|   |   |   |   |   |   |   |--- feature_5 <= 2489.50
|   |   |   |   |   |   |   |   |--- feature_5 <= 2472.50
|   |   |   |   |   |   |   |   |   |--- feature_5 <= 2467.50
|   |   |   |   |   |   |   |   |   |   |--- feature_5 <= 2453.00
|   |   |   |   |   |   |   |   |   |   |   |--- class: 2451
|   |   |   |   |   |   |   |   |   |   |--- feature_5 >  2453.00
|   |   |   |   |   |   |   |   |   |   |   |--- truncated branch of depth 4
|   |   |   |   |   |   |   |   |   |--- feature_5 >  2467.50
|   |   |   |   |   |   |   |   |   |   |--- class: 2470
|   |   |   |   |   |   |   |   |--- feature_5 >  2472.50
|   |   |   |   |   |   |   |   |   |--- feature_5 <= 2477.00
|   |   |   |   |   |   |   |   |   |   |--- class: 2475
|   |   |   |   |   |   |   |   |   |--- feature_5 >  2477.00
|   |   |   |   |   |   |   |   |   |   |--- feature_5 <= 2487.50
|   |   |   |   |   |   |   |   |   |   |   |--- truncated branch of depth 5
|   |   |   |   |   |   |   |   |   |   |--- feature_5 >  2487.50
|   |   |   |   |   |   |   |   |   |   |   |--- truncated branch of depth 2
|   |   |   |   |   |   |   |--- feature_5 >  2489.50
|   |   |   |   |   |   |   |   |--- feature_5 <= 2491.00
|   |   |   |   |   |   |   |   |   |--- class: 2490
|   |   |   |   |   |   |   |   |--- feature_5 >  2491.00
|   |   |   |   |   |   |   |   |   |--- class: 2492
|   |   |   |   |   |   |--- feature_5 >  2493.50
|   |   |   |   |   |   |   |--- feature_5 <= 2496.00
|   |   |   |   |   |   |   |   |--- class: 2495
|   |   |   |   |   |   |   |--- feature_5 >  2496.00
|   |   |   |   |   |   |   |   |--- feature_5 <= 2498.50
|   |   |   |   |   |   |   |   |   |--- feature_17 <= 0.50
|   |   |   |   |   |   |   |   |   |   |--- class: 2498
|   |   |   |   |   |   |   |   |   |--- feature_17 >  0.50
|   |   |   |   |   |   |   |   |   |   |--- class: 2497
|   |   |   |   |   |   |   |   |--- feature_5 >  2498.50
|   |   |   |   |   |   |   |   |   |--- class: 2499
|   |   |--- feature_5 >  2499.50
|   |   |   |--- feature_5 <= 2500.50
|   |   |   |   |--- class: 2500
|   |   |   |--- feature_5 >  2500.50
|   |   |   |   |--- feature_5 <= 2649.50
|   |   |   |   |   |--- feature_5 <= 2599.50
|   |   |   |   |   |   |--- feature_5 <= 2594.50
|   |   |   |   |   |   |   |--- feature_5 <= 2551.50
|   |   |   |   |   |   |   |   |--- feature_5 <= 2549.50
|   |   |   |   |   |   |   |   |   |--- feature_5 <= 2527.00
|   |   |   |   |   |   |   |   |   |   |--- feature_5 <= 2524.00
|   |   |   |   |   |   |   |   |   |   |   |--- truncated branch of depth 6
|   |   |   |   |   |   |   |   |   |   |--- feature_5 >  2524.00
|   |   |   |   |   |   |   |   |   |   |   |--- class: 2525
|   |   |   |   |   |   |   |   |   |--- feature_5 >  2527.00
|   |   |   |   |   |   |   |   |   |   |--- feature_5 <= 2548.00
|   |   |   |   |   |   |   |   |   |   |   |--- truncated branch of depth 6
|   |   |   |   |   |   |   |   |   |   |--- feature_5 >  2548.00
|   |   |   |   |   |   |   |   |   |   |   |--- class: 2549
|   |   |   |   |   |   |   |   |--- feature_5 >  2549.50
|   |   |   |   |   |   |   |   |   |--- class: 2550
|   |   |   |   |   |   |   |--- feature_5 >  2551.50
|   |   |   |   |   |   |   |   |--- feature_5 <= 2577.00
|   |   |   |   |   |   |   |   |   |--- feature_5 <= 2573.00
|   |   |   |   |   |   |   |   |   |   |--- feature_5 <= 2561.00
|   |   |   |   |   |   |   |   |   |   |   |--- truncated branch of depth 4
|   |   |   |   |   |   |   |   |   |   |--- feature_5 >  2561.00
|   |   |   |   |   |   |   |   |   |   |   |--- truncated branch of depth 5
|   |   |   |   |   |   |   |   |   |--- feature_5 >  2573.00
|   |   |   |   |   |   |   |   |   |   |--- class: 2575
|   |   |   |   |   |   |   |   |--- feature_5 >  2577.00
|   |   |   |   |   |   |   |   |   |--- feature_5 <= 2589.50
|   |   |   |   |   |   |   |   |   |   |--- feature_5 <= 2582.00
|   |   |   |   |   |   |   |   |   |   |   |--- truncated branch of depth 2
|   |   |   |   |   |   |   |   |   |   |--- feature_5 >  2582.00
|   |   |   |   |   |   |   |   |   |   |   |--- truncated branch of depth 5
|   |   |   |   |   |   |   |   |   |--- feature_5 >  2589.50
|   |   |   |   |   |   |   |   |   |   |--- feature_5 <= 2590.50
|   |   |   |   |   |   |   |   |   |   |   |--- class: 2590
|   |   |   |   |   |   |   |   |   |   |--- feature_5 >  2590.50
|   |   |   |   |   |   |   |   |   |   |   |--- truncated branch of depth 2
|   |   |   |   |   |   |--- feature_5 >  2594.50
|   |   |   |   |   |   |   |--- feature_5 <= 2596.00
|   |   |   |   |   |   |   |   |--- class: 2595
|   |   |   |   |   |   |   |--- feature_5 >  2596.00
|   |   |   |   |   |   |   |   |--- feature_5 <= 2598.50
|   |   |   |   |   |   |   |   |   |--- feature_140 <= 322.49
|   |   |   |   |   |   |   |   |   |   |--- class: 2598
|   |   |   |   |   |   |   |   |   |--- feature_140 >  322.49
|   |   |   |   |   |   |   |   |   |   |--- class: 2597
|   |   |   |   |   |   |   |   |--- feature_5 >  2598.50
|   |   |   |   |   |   |   |   |   |--- class: 2599
|   |   |   |   |   |--- feature_5 >  2599.50
|   |   |   |   |   |   |--- feature_5 <= 2604.00
|   |   |   |   |   |   |   |--- class: 2600
|   |   |   |   |   |   |--- feature_5 >  2604.00
|   |   |   |   |   |   |   |--- feature_5 <= 2626.50
|   |   |   |   |   |   |   |   |--- feature_5 <= 2624.50
|   |   |   |   |   |   |   |   |   |--- feature_5 <= 2619.50
|   |   |   |   |   |   |   |   |   |   |--- feature_175 <= 24.50
|   |   |   |   |   |   |   |   |   |   |   |--- truncated branch of depth 4
|   |   |   |   |   |   |   |   |   |   |--- feature_175 >  24.50
|   |   |   |   |   |   |   |   |   |   |   |--- class: 2608
|   |   |   |   |   |   |   |   |   |--- feature_5 >  2619.50
|   |   |   |   |   |   |   |   |   |   |--- feature_5 <= 2621.50
|   |   |   |   |   |   |   |   |   |   |   |--- class: 2620
|   |   |   |   |   |   |   |   |   |   |--- feature_5 >  2621.50
|   |   |   |   |   |   |   |   |   |   |   |--- truncated branch of depth 2
|   |   |   |   |   |   |   |   |--- feature_5 >  2624.50
|   |   |   |   |   |   |   |   |   |--- class: 2625
|   |   |   |   |   |   |   |--- feature_5 >  2626.50
|   |   |   |   |   |   |   |   |--- feature_5 <= 2648.50
|   |   |   |   |   |   |   |   |   |--- feature_5 <= 2642.50
|   |   |   |   |   |   |   |   |   |   |--- feature_5 <= 2639.00
|   |   |   |   |   |   |   |   |   |   |   |--- truncated branch of depth 5
|   |   |   |   |   |   |   |   |   |   |--- feature_5 >  2639.00
|   |   |   |   |   |   |   |   |   |   |   |--- class: 2640
|   |   |   |   |   |   |   |   |   |--- feature_5 >  2642.50
|   |   |   |   |   |   |   |   |   |   |--- feature_0 <= 28472.50
|   |   |   |   |   |   |   |   |   |   |   |--- class: 2645
|   |   |   |   |   |   |   |   |   |   |--- feature_0 >  28472.50
|   |   |   |   |   |   |   |   |   |   |   |--- truncated branch of depth 2
|   |   |   |   |   |   |   |   |--- feature_5 >  2648.50
|   |   |   |   |   |   |   |   |   |--- class: 2649
|   |   |   |   |--- feature_5 >  2649.50
|   |   |   |   |   |--- feature_5 <= 2651.00
|   |   |   |   |   |   |--- class: 2650
|   |   |   |   |   |--- feature_5 >  2651.00
|   |   |   |   |   |   |--- feature_5 <= 2693.00
|   |   |   |   |   |   |   |--- feature_5 <= 2689.50
|   |   |   |   |   |   |   |   |--- feature_5 <= 2675.50
|   |   |   |   |   |   |   |   |   |--- feature_5 <= 2674.50
|   |   |   |   |   |   |   |   |   |   |--- feature_175 <= 24.00
|   |   |   |   |   |   |   |   |   |   |   |--- truncated branch of depth 8
|   |   |   |   |   |   |   |   |   |   |--- feature_175 >  24.00
|   |   |   |   |   |   |   |   |   |   |   |--- class: 2660
|   |   |   |   |   |   |   |   |   |--- feature_5 >  2674.50
|   |   |   |   |   |   |   |   |   |   |--- class: 2675
|   |   |   |   |   |   |   |   |--- feature_5 >  2675.50
|   |   |   |   |   |   |   |   |   |--- feature_5 <= 2688.50
|   |   |   |   |   |   |   |   |   |   |--- feature_5 <= 2679.50
|   |   |   |   |   |   |   |   |   |   |   |--- truncated branch of depth 3
|   |   |   |   |   |   |   |   |   |   |--- feature_5 >  2679.50
|   |   |   |   |   |   |   |   |   |   |   |--- truncated branch of depth 3
|   |   |   |   |   |   |   |   |   |--- feature_5 >  2688.50
|   |   |   |   |   |   |   |   |   |   |--- class: 2689
|   |   |   |   |   |   |   |--- feature_5 >  2689.50
|   |   |   |   |   |   |   |   |--- feature_5 <= 2690.50
|   |   |   |   |   |   |   |   |   |--- class: 2690
|   |   |   |   |   |   |   |   |--- feature_5 >  2690.50
|   |   |   |   |   |   |   |   |   |--- class: 2691
|   |   |   |   |   |   |--- feature_5 >  2693.00
|   |   |   |   |   |   |   |--- feature_5 <= 2695.50
|   |   |   |   |   |   |   |   |--- class: 2695
|   |   |   |   |   |   |   |--- feature_5 >  2695.50
|   |   |   |   |   |   |   |   |--- feature_5 <= 2698.50
|   |   |   |   |   |   |   |   |   |--- feature_156 <= 11.67
|   |   |   |   |   |   |   |   |   |   |--- class: 2696
|   |   |   |   |   |   |   |   |   |--- feature_156 >  11.67
|   |   |   |   |   |   |   |   |   |   |--- class: 2698
|   |   |   |   |   |   |   |   |--- feature_5 >  2698.50
|   |   |   |   |   |   |   |   |   |--- class: 2699
|   |--- feature_5 >  2699.50
|   |   |--- class: 2700
|--- feature_5 >  2700.50
|   |--- feature_5 <= 2802.50
|   |   |--- feature_5 <= 2799.50
|   |   |   |--- feature_5 <= 2752.50
|   |   |   |   |--- feature_5 <= 2749.50
|   |   |   |   |   |--- feature_5 <= 2724.00
|   |   |   |   |   |   |--- feature_5 <= 2718.50
|   |   |   |   |   |   |   |--- feature_5 <= 2701.50
|   |   |   |   |   |   |   |   |--- class: 2701
|   |   |   |   |   |   |   |--- feature_5 >  2701.50
|   |   |   |   |   |   |   |   |--- feature_5 <= 2704.50
|   |   |   |   |   |   |   |   |   |--- feature_174 <= 434.50
|   |   |   |   |   |   |   |   |   |   |--- class: 2704
|   |   |   |   |   |   |   |   |   |--- feature_174 >  434.50
|   |   |   |   |   |   |   |   |   |   |--- class: 2702
|   |   |   |   |   |   |   |   |--- feature_5 >  2704.50
|   |   |   |   |   |   |   |   |   |--- feature_5 <= 2710.50
|   |   |   |   |   |   |   |   |   |   |--- feature_5 <= 2709.50
|   |   |   |   |   |   |   |   |   |   |   |--- truncated branch of depth 3
|   |   |   |   |   |   |   |   |   |   |--- feature_5 >  2709.50
|   |   |   |   |   |   |   |   |   |   |   |--- class: 2710
|   |   |   |   |   |   |   |   |   |--- feature_5 >  2710.50
|   |   |   |   |   |   |   |   |   |   |--- feature_150 <= 2.21
|   |   |   |   |   |   |   |   |   |   |   |--- class: 2714
|   |   |   |   |   |   |   |   |   |   |--- feature_150 >  2.21
|   |   |   |   |   |   |   |   |   |   |   |--- truncated branch of depth 3
|   |   |   |   |   |   |--- feature_5 >  2718.50
|   |   |   |   |   |   |   |--- feature_5 <= 2720.50
|   |   |   |   |   |   |   |   |--- class: 2720
|   |   |   |   |   |   |   |--- feature_5 >  2720.50
|   |   |   |   |   |   |   |   |--- feature_16 <= 0.50
|   |   |   |   |   |   |   |   |   |--- class: 2721
|   |   |   |   |   |   |   |   |--- feature_16 >  0.50
|   |   |   |   |   |   |   |   |   |--- class: 2723
|   |   |   |   |   |--- feature_5 >  2724.00
|   |   |   |   |   |   |--- feature_5 <= 2725.50
|   |   |   |   |   |   |   |--- class: 2725
|   |   |   |   |   |   |--- feature_5 >  2725.50
|   |   |   |   |   |   |   |--- feature_5 <= 2742.50
|   |   |   |   |   |   |   |   |--- feature_5 <= 2732.50
|   |   |   |   |   |   |   |   |   |--- feature_5 <= 2729.50
|   |   |   |   |   |   |   |   |   |   |--- feature_5 <= 2728.50
|   |   |   |   |   |   |   |   |   |   |   |--- truncated branch of depth 3
|   |   |   |   |   |   |   |   |   |   |--- feature_5 >  2728.50
|   |   |   |   |   |   |   |   |   |   |   |--- class: 2729
|   |   |   |   |   |   |   |   |   |--- feature_5 >  2729.50
|   |   |   |   |   |   |   |   |   |   |--- class: 2730
|   |   |   |   |   |   |   |   |--- feature_5 >  2732.50
|   |   |   |   |   |   |   |   |   |--- feature_5 <= 2738.00
|   |   |   |   |   |   |   |   |   |   |--- feature_27 <= 0.50
|   |   |   |   |   |   |   |   |   |   |   |--- class: 2736
|   |   |   |   |   |   |   |   |   |   |--- feature_27 >  0.50
|   |   |   |   |   |   |   |   |   |   |   |--- class: 2735
|   |   |   |   |   |   |   |   |   |--- feature_5 >  2738.00
|   |   |   |   |   |   |   |   |   |   |--- class: 2740
|   |   |   |   |   |   |   |--- feature_5 >  2742.50
|   |   |   |   |   |   |   |   |--- feature_5 <= 2746.50
|   |   |   |   |   |   |   |   |   |--- class: 2745
|   |   |   |   |   |   |   |   |--- feature_5 >  2746.50
|   |   |   |   |   |   |   |   |   |--- feature_13 <= 0.50
|   |   |   |   |   |   |   |   |   |   |--- class: 2749
|   |   |   |   |   |   |   |   |   |--- feature_13 >  0.50
|   |   |   |   |   |   |   |   |   |   |--- class: 2748
|   |   |   |   |--- feature_5 >  2749.50
|   |   |   |   |   |--- class: 2750
|   |   |   |--- feature_5 >  2752.50
|   |   |   |   |--- feature_5 <= 2792.50
|   |   |   |   |   |--- feature_5 <= 2789.50
|   |   |   |   |   |   |--- feature_5 <= 2774.50
|   |   |   |   |   |   |   |--- feature_5 <= 2769.50
|   |   |   |   |   |   |   |   |--- feature_5 <= 2760.50
|   |   |   |   |   |   |   |   |   |--- feature_5 <= 2759.50
|   |   |   |   |   |   |   |   |   |   |--- feature_107 <= 322.49
|   |   |   |   |   |   |   |   |   |   |   |--- truncated branch of depth 2
|   |   |   |   |   |   |   |   |   |   |--- feature_107 >  322.49
|   |   |   |   |   |   |   |   |   |   |   |--- class: 2759
|   |   |   |   |   |   |   |   |   |--- feature_5 >  2759.50
|   |   |   |   |   |   |   |   |   |   |--- class: 2760
|   |   |   |   |   |   |   |   |--- feature_5 >  2760.50
|   |   |   |   |   |   |   |   |   |--- feature_5 <= 2767.00
|   |   |   |   |   |   |   |   |   |   |--- feature_5 <= 2764.50
|   |   |   |   |   |   |   |   |   |   |   |--- truncated branch of depth 4
|   |   |   |   |   |   |   |   |   |   |--- feature_5 >  2764.50
|   |   |   |   |   |   |   |   |   |   |   |--- class: 2765
|   |   |   |   |   |   |   |   |   |--- feature_5 >  2767.00
|   |   |   |   |   |   |   |   |   |   |--- class: 2769
|   |   |   |   |   |   |   |--- feature_5 >  2769.50
|   |   |   |   |   |   |   |   |--- feature_174 <= 1506.00
|   |   |   |   |   |   |   |   |   |--- class: 2770
|   |   |   |   |   |   |   |   |--- feature_174 >  1506.00
|   |   |   |   |   |   |   |   |   |--- feature_8 <= 0.50
|   |   |   |   |   |   |   |   |   |   |--- class: 2774
|   |   |   |   |   |   |   |   |   |--- feature_8 >  0.50
|   |   |   |   |   |   |   |   |   |   |--- class: 2773
|   |   |   |   |   |   |--- feature_5 >  2774.50
|   |   |   |   |   |   |   |--- feature_5 <= 2775.50
|   |   |   |   |   |   |   |   |--- class: 2775
|   |   |   |   |   |   |   |--- feature_5 >  2775.50
|   |   |   |   |   |   |   |   |--- feature_5 <= 2787.00
|   |   |   |   |   |   |   |   |   |--- feature_5 <= 2783.50
|   |   |   |   |   |   |   |   |   |   |--- feature_171 <= 11.67
|   |   |   |   |   |   |   |   |   |   |   |--- truncated branch of depth 2
|   |   |   |   |   |   |   |   |   |   |--- feature_171 >  11.67
|   |   |   |   |   |   |   |   |   |   |   |--- class: 2780
|   |   |   |   |   |   |   |   |   |--- feature_5 >  2783.50
|   |   |   |   |   |   |   |   |   |   |--- class: 2785
|   |   |   |   |   |   |   |   |--- feature_5 >  2787.00
|   |   |   |   |   |   |   |   |   |--- class: 2789
|   |   |   |   |   |--- feature_5 >  2789.50
|   |   |   |   |   |   |--- class: 2790
|   |   |   |   |--- feature_5 >  2792.50
|   |   |   |   |   |--- feature_5 <= 2796.00
|   |   |   |   |   |   |--- class: 2795
|   |   |   |   |   |--- feature_5 >  2796.00
|   |   |   |   |   |   |--- feature_5 <= 2798.00
|   |   |   |   |   |   |   |--- class: 2797
|   |   |   |   |   |   |--- feature_5 >  2798.00
|   |   |   |   |   |   |   |--- class: 2799
|   |   |--- feature_5 >  2799.50
|   |   |   |--- class: 2800
|   |--- feature_5 >  2802.50
|   |   |--- feature_5 <= 3000.50
|   |   |   |--- feature_5 <= 2999.50
|   |   |   |   |--- feature_5 <= 2994.00
|   |   |   |   |   |--- feature_5 <= 2851.50
|   |   |   |   |   |   |--- feature_5 <= 2849.50
|   |   |   |   |   |   |   |--- feature_5 <= 2827.50
|   |   |   |   |   |   |   |   |--- feature_5 <= 2823.00
|   |   |   |   |   |   |   |   |   |--- feature_5 <= 2819.50
|   |   |   |   |   |   |   |   |   |   |--- feature_5 <= 2814.00
|   |   |   |   |   |   |   |   |   |   |   |--- truncated branch of depth 4
|   |   |   |   |   |   |   |   |   |   |--- feature_5 >  2814.00
|   |   |   |   |   |   |   |   |   |   |   |--- truncated branch of depth 2
|   |   |   |   |   |   |   |   |   |--- feature_5 >  2819.50
|   |   |   |   |   |   |   |   |   |   |--- feature_21 <= 0.50
|   |   |   |   |   |   |   |   |   |   |   |--- class: 2820
|   |   |   |   |   |   |   |   |   |   |--- feature_21 >  0.50
|   |   |   |   |   |   |   |   |   |   |   |--- class: 2821
|   |   |   |   |   |   |   |   |--- feature_5 >  2823.00
|   |   |   |   |   |   |   |   |   |--- class: 2825
|   |   |   |   |   |   |   |--- feature_5 >  2827.50
|   |   |   |   |   |   |   |   |--- feature_5 <= 2848.50
|   |   |   |   |   |   |   |   |   |--- feature_174 <= 616.50
|   |   |   |   |   |   |   |   |   |   |--- feature_5 <= 2832.50
|   |   |   |   |   |   |   |   |   |   |   |--- class: 2830
|   |   |   |   |   |   |   |   |   |   |--- feature_5 >  2832.50
|   |   |   |   |   |   |   |   |   |   |   |--- truncated branch of depth 4
|   |   |   |   |   |   |   |   |   |--- feature_174 >  616.50
|   |   |   |   |   |   |   |   |   |   |--- class: 2845
|   |   |   |   |   |   |   |   |--- feature_5 >  2848.50
|   |   |   |   |   |   |   |   |   |--- class: 2849
|   |   |   |   |   |   |--- feature_5 >  2849.50
|   |   |   |   |   |   |   |--- class: 2850
|   |   |   |   |   |--- feature_5 >  2851.50
|   |   |   |   |   |   |--- feature_5 <= 2901.50
|   |   |   |   |   |   |   |--- feature_5 <= 2899.50
|   |   |   |   |   |   |   |   |--- feature_5 <= 2894.00
|   |   |   |   |   |   |   |   |   |--- feature_5 <= 2889.50
|   |   |   |   |   |   |   |   |   |   |--- feature_5 <= 2873.00
|   |   |   |   |   |   |   |   |   |   |   |--- truncated branch of depth 6
|   |   |   |   |   |   |   |   |   |   |--- feature_5 >  2873.00
|   |   |   |   |   |   |   |   |   |   |   |--- truncated branch of depth 5
|   |   |   |   |   |   |   |   |   |--- feature_5 >  2889.50
|   |   |   |   |   |   |   |   |   |   |--- feature_85 <= 11.67
|   |   |   |   |   |   |   |   |   |   |   |--- truncated branch of depth 2
|   |   |   |   |   |   |   |   |   |   |--- feature_85 >  11.67
|   |   |   |   |   |   |   |   |   |   |   |--- class: 2890
|   |   |   |   |   |   |   |   |--- feature_5 >  2894.00
|   |   |   |   |   |   |   |   |   |--- feature_5 <= 2897.00
|   |   |   |   |   |   |   |   |   |   |--- class: 2895
|   |   |   |   |   |   |   |   |   |--- feature_5 >  2897.00
|   |   |   |   |   |   |   |   |   |   |--- class: 2899
|   |   |   |   |   |   |   |--- feature_5 >  2899.50
|   |   |   |   |   |   |   |   |--- class: 2900
|   |   |   |   |   |   |--- feature_5 >  2901.50
|   |   |   |   |   |   |   |--- feature_5 <= 2952.00
|   |   |   |   |   |   |   |   |--- feature_5 <= 2949.50
|   |   |   |   |   |   |   |   |   |--- feature_5 <= 2922.50
|   |   |   |   |   |   |   |   |   |   |--- feature_5 <= 2910.50
|   |   |   |   |   |   |   |   |   |   |   |--- truncated branch of depth 5
|   |   |   |   |   |   |   |   |   |   |--- feature_5 >  2910.50
|   |   |   |   |   |   |   |   |   |   |   |--- truncated branch of depth 5
|   |   |   |   |   |   |   |   |   |--- feature_5 >  2922.50
|   |   |   |   |   |   |   |   |   |   |--- feature_5 <= 2926.50
|   |   |   |   |   |   |   |   |   |   |   |--- class: 2925
|   |   |   |   |   |   |   |   |   |   |--- feature_5 >  2926.50
|   |   |   |   |   |   |   |   |   |   |   |--- truncated branch of depth 8
|   |   |   |   |   |   |   |   |--- feature_5 >  2949.50
|   |   |   |   |   |   |   |   |   |--- class: 2950
|   |   |   |   |   |   |   |--- feature_5 >  2952.00
|   |   |   |   |   |   |   |   |--- feature_5 <= 2989.50
|   |   |   |   |   |   |   |   |   |--- feature_5 <= 2972.50
|   |   |   |   |   |   |   |   |   |   |--- feature_5 <= 2969.50
|   |   |   |   |   |   |   |   |   |   |   |--- truncated branch of depth 9
|   |   |   |   |   |   |   |   |   |   |--- feature_5 >  2969.50
|   |   |   |   |   |   |   |   |   |   |   |--- class: 2970
|   |   |   |   |   |   |   |   |   |--- feature_5 >  2972.50
|   |   |   |   |   |   |   |   |   |   |--- feature_5 <= 2976.00
|   |   |   |   |   |   |   |   |   |   |   |--- class: 2975
|   |   |   |   |   |   |   |   |   |   |--- feature_5 >  2976.00
|   |   |   |   |   |   |   |   |   |   |   |--- truncated branch of depth 5
|   |   |   |   |   |   |   |   |--- feature_5 >  2989.50
|   |   |   |   |   |   |   |   |   |--- feature_5 <= 2991.00
|   |   |   |   |   |   |   |   |   |   |--- class: 2990
|   |   |   |   |   |   |   |   |   |--- feature_5 >  2991.00
|   |   |   |   |   |   |   |   |   |   |--- feature_172 <= 11.67
|   |   |   |   |   |   |   |   |   |   |   |--- class: 2992
|   |   |   |   |   |   |   |   |   |   |--- feature_172 >  11.67
|   |   |   |   |   |   |   |   |   |   |   |--- class: 2993
|   |   |   |   |--- feature_5 >  2994.00
|   |   |   |   |   |--- feature_5 <= 2995.50
|   |   |   |   |   |   |--- class: 2995
|   |   |   |   |   |--- feature_5 >  2995.50
|   |   |   |   |   |   |--- feature_5 <= 2998.00
|   |   |   |   |   |   |   |--- feature_179 <= 1.47
|   |   |   |   |   |   |   |   |--- class: 2996
|   |   |   |   |   |   |   |--- feature_179 >  1.47
|   |   |   |   |   |   |   |   |--- class: 2997
|   |   |   |   |   |   |--- feature_5 >  2998.00
|   |   |   |   |   |   |   |--- class: 2999
|   |   |   |--- feature_5 >  2999.50
|   |   |   |   |--- class: 3000
|   |   |--- feature_5 >  3000.50
|   |   |   |--- feature_5 <= 3200.50
|   |   |   |   |--- feature_5 <= 3199.50
|   |   |   |   |   |--- feature_5 <= 3101.50
|   |   |   |   |   |   |--- feature_5 <= 3099.50
|   |   |   |   |   |   |   |--- feature_5 <= 3093.00
|   |   |   |   |   |   |   |   |--- feature_5 <= 3049.50
|   |   |   |   |   |   |   |   |   |--- feature_5 <= 3024.00
|   |   |   |   |   |   |   |   |   |   |--- feature_5 <= 3019.00
|   |   |   |   |   |   |   |   |   |   |   |--- truncated branch of depth 6
|   |   |   |   |   |   |   |   |   |   |--- feature_5 >  3019.00
|   |   |   |   |   |   |   |   |   |   |   |--- truncated branch of depth 4
|   |   |   |   |   |   |   |   |   |--- feature_5 >  3024.00
|   |   |   |   |   |   |   |   |   |   |--- feature_5 <= 3026.50
|   |   |   |   |   |   |   |   |   |   |   |--- class: 3025
|   |   |   |   |   |   |   |   |   |   |--- feature_5 >  3026.50
|   |   |   |   |   |   |   |   |   |   |   |--- truncated branch of depth 8
|   |   |   |   |   |   |   |   |--- feature_5 >  3049.50
|   |   |   |   |   |   |   |   |   |--- feature_5 <= 3051.50
|   |   |   |   |   |   |   |   |   |   |--- class: 3050
|   |   |   |   |   |   |   |   |   |--- feature_5 >  3051.50
|   |   |   |   |   |   |   |   |   |   |--- feature_5 <= 3089.00
|   |   |   |   |   |   |   |   |   |   |   |--- truncated branch of depth 9
|   |   |   |   |   |   |   |   |   |   |--- feature_5 >  3089.00
|   |   |   |   |   |   |   |   |   |   |   |--- truncated branch of depth 2
|   |   |   |   |   |   |   |--- feature_5 >  3093.00
|   |   |   |   |   |   |   |   |--- feature_5 <= 3096.00
|   |   |   |   |   |   |   |   |   |--- class: 3095
|   |   |   |   |   |   |   |   |--- feature_5 >  3096.00
|   |   |   |   |   |   |   |   |   |--- feature_5 <= 3098.00
|   |   |   |   |   |   |   |   |   |   |--- class: 3097
|   |   |   |   |   |   |   |   |   |--- feature_5 >  3098.00
|   |   |   |   |   |   |   |   |   |   |--- class: 3099
|   |   |   |   |   |   |--- feature_5 >  3099.50
|   |   |   |   |   |   |   |--- class: 3100
|   |   |   |   |   |--- feature_5 >  3101.50
|   |   |   |   |   |   |--- feature_5 <= 3194.50
|   |   |   |   |   |   |   |--- feature_5 <= 3152.50
|   |   |   |   |   |   |   |   |--- feature_5 <= 3149.50
|   |   |   |   |   |   |   |   |   |--- feature_94 <= 2.21
|   |   |   |   |   |   |   |   |   |   |--- feature_2 <= 0.50
|   |   |   |   |   |   |   |   |   |   |   |--- class: 3125
|   |   |   |   |   |   |   |   |   |   |--- feature_2 >  0.50
|   |   |   |   |   |   |   |   |   |   |   |--- class: 3119
|   |   |   |   |   |   |   |   |   |--- feature_94 >  2.21
|   |   |   |   |   |   |   |   |   |   |--- feature_5 <= 3125.50
|   |   |   |   |   |   |   |   |   |   |   |--- truncated branch of depth 9
|   |   |   |   |   |   |   |   |   |   |--- feature_5 >  3125.50
|   |   |   |   |   |   |   |   |   |   |   |--- truncated branch of depth 8
|   |   |   |   |   |   |   |   |--- feature_5 >  3149.50
|   |   |   |   |   |   |   |   |   |--- class: 3150
|   |   |   |   |   |   |   |--- feature_5 >  3152.50
|   |   |   |   |   |   |   |   |--- feature_5 <= 3189.50
|   |   |   |   |   |   |   |   |   |--- feature_5 <= 3174.50
|   |   |   |   |   |   |   |   |   |   |--- feature_5 <= 3168.50
|   |   |   |   |   |   |   |   |   |   |   |--- truncated branch of depth 8
|   |   |   |   |   |   |   |   |   |   |--- feature_5 >  3168.50
|   |   |   |   |   |   |   |   |   |   |   |--- truncated branch of depth 4
|   |   |   |   |   |   |   |   |   |--- feature_5 >  3174.50
|   |   |   |   |   |   |   |   |   |   |--- feature_5 <= 3175.50
|   |   |   |   |   |   |   |   |   |   |   |--- class: 3175
|   |   |   |   |   |   |   |   |   |   |--- feature_5 >  3175.50
|   |   |   |   |   |   |   |   |   |   |   |--- truncated branch of depth 6
|   |   |   |   |   |   |   |   |--- feature_5 >  3189.50
|   |   |   |   |   |   |   |   |   |--- feature_5 <= 3190.50
|   |   |   |   |   |   |   |   |   |   |--- class: 3190
|   |   |   |   |   |   |   |   |   |--- feature_5 >  3190.50
|   |   |   |   |   |   |   |   |   |   |--- feature_5 <= 3193.50
|   |   |   |   |   |   |   |   |   |   |   |--- truncated branch of depth 3
|   |   |   |   |   |   |   |   |   |   |--- feature_5 >  3193.50
|   |   |   |   |   |   |   |   |   |   |   |--- class: 3194
|   |   |   |   |   |   |--- feature_5 >  3194.50
|   |   |   |   |   |   |   |--- feature_5 <= 3195.50
|   |   |   |   |   |   |   |   |--- class: 3195
|   |   |   |   |   |   |   |--- feature_5 >  3195.50
|   |   |   |   |   |   |   |   |--- feature_5 <= 3198.50
|   |   |   |   |   |   |   |   |   |--- feature_5 <= 3197.00
|   |   |   |   |   |   |   |   |   |   |--- class: 3196
|   |   |   |   |   |   |   |   |   |--- feature_5 >  3197.00
|   |   |   |   |   |   |   |   |   |   |--- class: 3198
|   |   |   |   |   |   |   |   |--- feature_5 >  3198.50
|   |   |   |   |   |   |   |   |   |--- class: 3199
|   |   |   |   |--- feature_5 >  3199.50
|   |   |   |   |   |--- class: 3200
|   |   |   |--- feature_5 >  3200.50
|   |   |   |   |--- feature_5 <= 3301.00
|   |   |   |   |   |--- feature_5 <= 3299.50
|   |   |   |   |   |   |--- feature_5 <= 3294.50
|   |   |   |   |   |   |   |--- feature_5 <= 3252.00
|   |   |   |   |   |   |   |   |--- feature_5 <= 3249.50
|   |   |   |   |   |   |   |   |   |--- feature_5 <= 3229.50
|   |   |   |   |   |   |   |   |   |   |--- feature_5 <= 3223.50
|   |   |   |   |   |   |   |   |   |   |   |--- truncated branch of depth 8
|   |   |   |   |   |   |   |   |   |   |--- feature_5 >  3223.50
|   |   |   |   |   |   |   |   |   |   |   |--- truncated branch of depth 4
|   |   |   |   |   |   |   |   |   |--- feature_5 >  3229.50
|   |   |   |   |   |   |   |   |   |   |--- feature_5 <= 3230.50
|   |   |   |   |   |   |   |   |   |   |   |--- class: 3230
|   |   |   |   |   |   |   |   |   |   |--- feature_5 >  3230.50
|   |   |   |   |   |   |   |   |   |   |   |--- truncated branch of depth 7
|   |   |   |   |   |   |   |   |--- feature_5 >  3249.50
|   |   |   |   |   |   |   |   |   |--- class: 3250
|   |   |   |   |   |   |   |--- feature_5 >  3252.00
|   |   |   |   |   |   |   |   |--- feature_5 <= 3289.50
|   |   |   |   |   |   |   |   |   |--- feature_5 <= 3274.00
|   |   |   |   |   |   |   |   |   |   |--- feature_5 <= 3269.00
|   |   |   |   |   |   |   |   |   |   |   |--- truncated branch of depth 6
|   |   |   |   |   |   |   |   |   |   |--- feature_5 >  3269.00
|   |   |   |   |   |   |   |   |   |   |   |--- truncated branch of depth 2
|   |   |   |   |   |   |   |   |   |--- feature_5 >  3274.00
|   |   |   |   |   |   |   |   |   |   |--- feature_5 <= 3275.50
|   |   |   |   |   |   |   |   |   |   |   |--- class: 3275
|   |   |   |   |   |   |   |   |   |   |--- feature_5 >  3275.50
|   |   |   |   |   |   |   |   |   |   |   |--- truncated branch of depth 9
|   |   |   |   |   |   |   |   |--- feature_5 >  3289.50
|   |   |   |   |   |   |   |   |   |--- feature_21 <= 0.50
|   |   |   |   |   |   |   |   |   |   |--- class: 3290
|   |   |   |   |   |   |   |   |   |--- feature_21 >  0.50
|   |   |   |   |   |   |   |   |   |   |--- class: 3294
|   |   |   |   |   |   |--- feature_5 >  3294.50
|   |   |   |   |   |   |   |--- feature_5 <= 3295.50
|   |   |   |   |   |   |   |   |--- class: 3295
|   |   |   |   |   |   |   |--- feature_5 >  3295.50
|   |   |   |   |   |   |   |   |--- feature_5 <= 3298.50
|   |   |   |   |   |   |   |   |   |--- feature_61 <= 11.67
|   |   |   |   |   |   |   |   |   |   |--- class: 3298
|   |   |   |   |   |   |   |   |   |--- feature_61 >  11.67
|   |   |   |   |   |   |   |   |   |   |--- feature_7 <= 0.50
|   |   |   |   |   |   |   |   |   |   |   |--- class: 3296
|   |   |   |   |   |   |   |   |   |   |--- feature_7 >  0.50
|   |   |   |   |   |   |   |   |   |   |   |--- class: 3297
|   |   |   |   |   |   |   |   |--- feature_5 >  3298.50
|   |   |   |   |   |   |   |   |   |--- class: 3299
|   |   |   |   |   |--- feature_5 >  3299.50
|   |   |   |   |   |   |--- class: 3300
|   |   |   |   |--- feature_5 >  3301.00
|   |   |   |   |   |--- feature_5 <= 3502.00
|   |   |   |   |   |   |--- feature_5 <= 3499.50
|   |   |   |   |   |   |   |--- feature_5 <= 3494.50
|   |   |   |   |   |   |   |   |--- feature_5 <= 3448.50
|   |   |   |   |   |   |   |   |   |--- feature_5 <= 3399.50
|   |   |   |   |   |   |   |   |   |   |--- feature_5 <= 3393.50
|   |   |   |   |   |   |   |   |   |   |   |--- truncated branch of depth 13
|   |   |   |   |   |   |   |   |   |   |--- feature_5 >  3393.50
|   |   |   |   |   |   |   |   |   |   |   |--- truncated branch of depth 3
|   |   |   |   |   |   |   |   |   |--- feature_5 >  3399.50
|   |   |   |   |   |   |   |   |   |   |--- feature_5 <= 3400.50
|   |   |   |   |   |   |   |   |   |   |   |--- class: 3400
|   |   |   |   |   |   |   |   |   |   |--- feature_5 >  3400.50
|   |   |   |   |   |   |   |   |   |   |   |--- truncated branch of depth 10
|   |   |   |   |   |   |   |   |--- feature_5 >  3448.50
|   |   |   |   |   |   |   |   |   |--- feature_5 <= 3450.50
|   |   |   |   |   |   |   |   |   |   |--- class: 3450
|   |   |   |   |   |   |   |   |   |--- feature_5 >  3450.50
|   |   |   |   |   |   |   |   |   |   |--- feature_5 <= 3489.50
|   |   |   |   |   |   |   |   |   |   |   |--- truncated branch of depth 8
|   |   |   |   |   |   |   |   |   |   |--- feature_5 >  3489.50
|   |   |   |   |   |   |   |   |   |   |   |--- truncated branch of depth 4
|   |   |   |   |   |   |   |--- feature_5 >  3494.50
|   |   |   |   |   |   |   |   |--- feature_5 <= 3495.50
|   |   |   |   |   |   |   |   |   |--- class: 3495
|   |   |   |   |   |   |   |   |--- feature_5 >  3495.50
|   |   |   |   |   |   |   |   |   |--- feature_5 <= 3498.50
|   |   |   |   |   |   |   |   |   |   |--- feature_5 <= 3497.50
|   |   |   |   |   |   |   |   |   |   |   |--- truncated branch of depth 2
|   |   |   |   |   |   |   |   |   |   |--- feature_5 >  3497.50
|   |   |   |   |   |   |   |   |   |   |   |--- class: 3498
|   |   |   |   |   |   |   |   |   |--- feature_5 >  3498.50
|   |   |   |   |   |   |   |   |   |   |--- class: 3499
|   |   |   |   |   |   |--- feature_5 >  3499.50
|   |   |   |   |   |   |   |--- class: 3500
|   |   |   |   |   |--- feature_5 >  3502.00
|   |   |   |   |   |   |--- feature_5 <= 3601.00
|   |   |   |   |   |   |   |--- feature_5 <= 3599.50
|   |   |   |   |   |   |   |   |--- feature_5 <= 3594.50
|   |   |   |   |   |   |   |   |   |--- feature_5 <= 3550.50
|   |   |   |   |   |   |   |   |   |   |--- feature_5 <= 3549.50
|   |   |   |   |   |   |   |   |   |   |   |--- truncated branch of depth 8
|   |   |   |   |   |   |   |   |   |   |--- feature_5 >  3549.50
|   |   |   |   |   |   |   |   |   |   |   |--- class: 3550
|   |   |   |   |   |   |   |   |   |--- feature_5 >  3550.50
|   |   |   |   |   |   |   |   |   |   |--- feature_5 <= 3589.50
|   |   |   |   |   |   |   |   |   |   |   |--- truncated branch of depth 7
|   |   |   |   |   |   |   |   |   |   |--- feature_5 >  3589.50
|   |   |   |   |   |   |   |   |   |   |   |--- truncated branch of depth 5
|   |   |   |   |   |   |   |   |--- feature_5 >  3594.50
|   |   |   |   |   |   |   |   |   |--- feature_5 <= 3595.50
|   |   |   |   |   |   |   |   |   |   |--- class: 3595
|   |   |   |   |   |   |   |   |   |--- feature_5 >  3595.50
|   |   |   |   |   |   |   |   |   |   |--- feature_174 <= 693.50
|   |   |   |   |   |   |   |   |   |   |   |--- class: 3599
|   |   |   |   |   |   |   |   |   |   |--- feature_174 >  693.50
|   |   |   |   |   |   |   |   |   |   |   |--- truncated branch of depth 3
|   |   |   |   |   |   |   |--- feature_5 >  3599.50
|   |   |   |   |   |   |   |   |--- class: 3600
|   |   |   |   |   |   |--- feature_5 >  3601.00
|   |   |   |   |   |   |   |--- feature_5 <= 4002.50
|   |   |   |   |   |   |   |   |--- feature_5 <= 3999.50
|   |   |   |   |   |   |   |   |   |--- feature_5 <= 3993.50
|   |   |   |   |   |   |   |   |   |   |--- feature_5 <= 3701.50
|   |   |   |   |   |   |   |   |   |   |   |--- truncated branch of depth 13
|   |   |   |   |   |   |   |   |   |   |--- feature_5 >  3701.50
|   |   |   |   |   |   |   |   |   |   |   |--- truncated branch of depth 18
|   |   |   |   |   |   |   |   |   |--- feature_5 >  3993.50
|   |   |   |   |   |   |   |   |   |   |--- feature_5 <= 3995.50
|   |   |   |   |   |   |   |   |   |   |   |--- class: 3995
|   |   |   |   |   |   |   |   |   |   |--- feature_5 >  3995.50
|   |   |   |   |   |   |   |   |   |   |   |--- truncated branch of depth 3
|   |   |   |   |   |   |   |   |--- feature_5 >  3999.50
|   |   |   |   |   |   |   |   |   |--- class: 4000
|   |   |   |   |   |   |   |--- feature_5 >  4002.50
|   |   |   |   |   |   |   |   |--- feature_5 <= 4502.50
|   |   |   |   |   |   |   |   |   |--- feature_5 <= 4499.50
|   |   |   |   |   |   |   |   |   |   |--- feature_5 <= 4493.50
|   |   |   |   |   |   |   |   |   |   |   |--- truncated branch of depth 18
|   |   |   |   |   |   |   |   |   |   |--- feature_5 >  4493.50
|   |   |   |   |   |   |   |   |   |   |   |--- truncated branch of depth 3
|   |   |   |   |   |   |   |   |   |--- feature_5 >  4499.50
|   |   |   |   |   |   |   |   |   |   |--- class: 4500
|   |   |   |   |   |   |   |   |--- feature_5 >  4502.50
|   |   |   |   |   |   |   |   |   |--- feature_5 <= 5002.50
|   |   |   |   |   |   |   |   |   |   |--- feature_5 <= 4999.50
|   |   |   |   |   |   |   |   |   |   |   |--- truncated branch of depth 20
|   |   |   |   |   |   |   |   |   |   |--- feature_5 >  4999.50
|   |   |   |   |   |   |   |   |   |   |   |--- class: 5000
|   |   |   |   |   |   |   |   |   |--- feature_5 >  5002.50
|   |   |   |   |   |   |   |   |   |   |--- feature_5 <= 5505.00
|   |   |   |   |   |   |   |   |   |   |   |--- truncated branch of depth 20
|   |   |   |   |   |   |   |   |   |   |--- feature_5 >  5505.00
|   |   |   |   |   |   |   |   |   |   |   |--- truncated branch of depth 29
